<?xml version="1.0" encoding="UTF-8"?>
<!-- Generated by org.testng.reporters.JUnitReportReporter -->
<testsuite hostname="DESKTOP-3SPH2R8" failures="0" tests="3" name="org.testng.B" time="0.002" errors="0" timestamp="20 Feb 2022 09:00:21 GMT" skipped="0">
  <testcase classname="org.testng.B" name="tc12" time="0.000"/>
  <testcase classname="org.testng.B" name="tc13" time="0.001"/>
  <testcase classname="org.testng.B" name="tc11" time="0.001"/>
</testsuite> <!-- org.testng.B -->
