<?xml version="1.0" encoding="UTF-8"?>
<!-- Generated by org.testng.reporters.JUnitReportReporter -->
<testsuite hostname="DESKTOP-3SPH2R8" failures="0" tests="2" name="org.testng.DataProvider" time="6.706" errors="0" timestamp="20 Feb 2022 12:07:52 GMT" skipped="0">
  <testcase classname="org.testng.DataProvider" name="tc1" time="3.132"/>
  <testcase classname="org.testng.DataProvider" name="tc1" time="3.574"/>
</testsuite> <!-- org.testng.DataProvider -->
