<?xml version="1.0" encoding="UTF-8"?>
<!-- Generated by org.testng.reporters.JUnitReportReporter -->
<testsuite hostname="DESKTOP-3SPH2R8" failures="0" tests="2" name="org.testng.DataProviderWithExcel" time="6.764" errors="0" timestamp="20 Feb 2022 12:55:39 GMT" skipped="0">
  <testcase classname="org.testng.DataProviderWithExcel" name="tc1" time="3.190"/>
  <testcase classname="org.testng.DataProviderWithExcel" name="tc1" time="3.574"/>
</testsuite> <!-- org.testng.DataProviderWithExcel -->
