<?xml version="1.0" encoding="UTF-8"?>
<!-- Generated by org.testng.reporters.JUnitReportReporter -->
<testsuite hostname="DESKTOP-3SPH2R8" failures="0" tests="1" name="org.testng.ParameterTest" time="4.766" errors="0" timestamp="20 Feb 2022 12:55:16 GMT" skipped="0">
  <testcase classname="org.testng.ParameterTest" name="tc1" time="4.766"/>
</testsuite> <!-- org.testng.ParameterTest -->
