<?xml version="1.0" encoding="UTF-8"?>
<!-- Generated by org.testng.reporters.JUnitReportReporter -->
<testsuite hostname="DESKTOP-3SPH2R8" failures="0" tests="3" name="org.testng.DataProviderWithNewClass" time="45.852" errors="0" timestamp="21 Feb 2022 06:44:29 GMT" skipped="0">
  <testcase classname="org.testng.DataProviderWithNewClass" name="tc1" time="24.772"/>
  <testcase classname="org.testng.DataProviderWithNewClass" name="tc1" time="3.509"/>
  <testcase classname="org.testng.DataProviderWithNewClass" name="tc1" time="17.571"/>
</testsuite> <!-- org.testng.DataProviderWithNewClass -->
