<?xml version="1.0" encoding="UTF-8"?>
<!-- Generated by org.testng.reporters.JUnitReportReporter -->
<testsuite hostname="DESKTOP-3SPH2R8" failures="0" tests="1" name="org.testng.SoftAssert" time="21.944" errors="0" timestamp="21 Feb 2022 14:20:57 GMT" skipped="0">
  <testcase classname="org.testng.SoftAssert" name="tc1" time="21.944"/>
</testsuite> <!-- org.testng.SoftAssert -->
