<?xml version="1.0" encoding="UTF-8"?>
<!-- Generated by org.testng.reporters.JUnitReportReporter -->
<testsuite hostname="DESKTOP-3SPH2R8" failures="0" tests="3" name="org.testng.C" time="0.001" errors="0" timestamp="20 Feb 2022 09:00:21 GMT" skipped="0">
  <testcase classname="org.testng.C" name="tc111" time="0.001"/>
  <testcase classname="org.testng.C" name="tc222" time="0.000"/>
  <testcase classname="org.testng.C" name="tc333" time="0.000"/>
</testsuite> <!-- org.testng.C -->
