<?xml version="1.0" encoding="UTF-8"?>
<!-- Generated by org.testng.reporters.JUnitReportReporter -->
<testsuite hostname="DESKTOP-3SPH2R8" failures="0" tests="3" name="org.testng.A" time="0.007" errors="0" timestamp="20 Feb 2022 09:00:21 GMT" skipped="0">
  <testcase classname="org.testng.A" name="tc1" time="0.005"/>
  <testcase classname="org.testng.A" name="tc2" time="0.001"/>
  <testcase classname="org.testng.A" name="tc3" time="0.001"/>
</testsuite> <!-- org.testng.A -->
